<?xml version="1.0" encoding="UTF-8"?>
<testsuite xmlns:xsi="http://www.w3.org/2001/XMLSchema-instance" xsi:noNamespaceSchemaLocation="https://maven.apache.org/surefire/maven-surefire-plugin/xsd/surefire-test-report.xsd" version="3.0.2" name="com.example.wordfreq.WordFrequencyAnalyzerTest" time="0.02" tests="7" errors="0" skipped="0" failures="0">
  <properties>
[...]
</properties>
  <testcase name="analyzeShouldSortByFrequencyDescending" classname="com.example.wordfreq.WordFrequencyAnalyzerTest" time="0.007"/>
  <testcase name="analyzeShouldStripPunctuation" classname="com.example.wordfreq.WordFrequencyAnalyzerTest" time="0.001"/>
  <testcase name="analyzeShouldReturnEmptyMapForBlankInput" classname="com.example.wordfreq.WordFrequencyAnalyzerTest" time="0.002"/>
  <testcase name="analyzeShouldBeCaseInsensitive" classname="com.example.wordfreq.WordFrequencyAnalyzerTest" time="0.001"/>
  <testcase name="analyzeWithThresholdShouldFilterLowFrequencyWords" classname="com.example.wordfreq.WordFrequencyAnalyzerTest" time="0.003"/>
  <testcase name="analyzeShouldReturnEmptyMapForNullInput" classname="com.example.wordfreq.WordFrequencyAnalyzerTest" time="0.0"/>
  <testcase name="analyzeShouldCountWordFrequencies" classname="com.example.wordfreq.WordFrequencyAnalyzerTest" time="0.001"/>
</testsuite>